<?xml version="1.0" encoding="UTF-8"?>
<testng-results ignored="0" total="1" passed="1" failed="0" skipped="0">
  <reporter-output>
  </reporter-output>
  <suite started-at="2022-03-25T21:41:00 BDT" name="Default suite" finished-at="2022-03-25T21:41:09 BDT" duration-ms="9297">
    <groups>
    </groups>
    <test started-at="2022-03-25T21:41:00 BDT" name="Default test" finished-at="2022-03-25T21:41:09 BDT" duration-ms="9297">
      <class name="com.inetbanking.testcases.TC001_login">
        <test-method is-config="true" signature="setup()[pri:0, instance:com.inetbanking.testcases.TC001_login@498d318c]" started-at="2022-03-25T21:41:00 BDT" name="setup" finished-at="2022-03-25T21:41:02 BDT" duration-ms="2674" status="PASS">
          <reporter-output>
          </reporter-output>
        </test-method> <!-- setup -->
        <test-method signature="loginTest()[pri:0, instance:com.inetbanking.testcases.TC001_login@498d318c]" started-at="2022-03-25T21:41:03 BDT" name="loginTest" finished-at="2022-03-25T21:41:09 BDT" duration-ms="6249" status="PASS">
          <reporter-output>
          </reporter-output>
        </test-method> <!-- loginTest -->
        <test-method is-config="true" signature="tearDown()[pri:0, instance:com.inetbanking.testcases.TC001_login@498d318c]" started-at="2022-03-25T21:41:09 BDT" name="tearDown" finished-at="2022-03-25T21:41:09 BDT" duration-ms="311" status="PASS">
          <reporter-output>
          </reporter-output>
        </test-method> <!-- tearDown -->
      </class> <!-- com.inetbanking.testcases.TC001_login -->
    </test> <!-- Default test -->
  </suite> <!-- Default suite -->
</testng-results>
