<?xml version="1.0" encoding="UTF-8"?>
<testng-results ignored="0" total="1" passed="1" failed="0" skipped="0">
  <reporter-output>
  </reporter-output>
  <suite started-at="2022-03-25T22:47:31 BDT" name="Default suite" finished-at="2022-03-25T22:47:40 BDT" duration-ms="8921">
    <groups>
    </groups>
    <test started-at="2022-03-25T22:47:31 BDT" name="Default test" finished-at="2022-03-25T22:47:40 BDT" duration-ms="8921">
      <class name="com.inetbanking.testcases.TC001_login">
        <test-method is-config="true" signature="setup()[pri:0, instance:com.inetbanking.testcases.TC001_login@402bba4f]" started-at="2022-03-25T22:47:31 BDT" name="setup" finished-at="2022-03-25T22:47:34 BDT" duration-ms="2687" status="PASS">
          <reporter-output>
          </reporter-output>
        </test-method> <!-- setup -->
        <test-method signature="loginTest()[pri:0, instance:com.inetbanking.testcases.TC001_login@402bba4f]" started-at="2022-03-25T22:47:34 BDT" name="loginTest" finished-at="2022-03-25T22:47:40 BDT" duration-ms="5961" status="PASS">
          <reporter-output>
          </reporter-output>
        </test-method> <!-- loginTest -->
        <test-method is-config="true" signature="tearDown()[pri:0, instance:com.inetbanking.testcases.TC001_login@402bba4f]" started-at="2022-03-25T22:47:40 BDT" name="tearDown" finished-at="2022-03-25T22:47:40 BDT" duration-ms="215" status="PASS">
          <reporter-output>
          </reporter-output>
        </test-method> <!-- tearDown -->
      </class> <!-- com.inetbanking.testcases.TC001_login -->
    </test> <!-- Default test -->
  </suite> <!-- Default suite -->
</testng-results>
